#
# There is insufficient memory for the Java Runtime Environment to continue.
# Native memory allocation (malloc) failed to allocate 32744 bytes for ChunkPool::allocate
# Possible reasons:
#   The system is out of physical RAM or swap space
#   In 32 bit mode, the process size limit was hit
# Possible solutions:
#   Reduce memory load on the system
#   Increase physical memory or swap space
#   Check if swap backing store is full
#   Use 64 bit Java on a 64 bit OS
#   Decrease Java heap size (-Xmx/-Xms)
#   Decrease number of Java threads
#   Decrease Java thread stack sizes (-Xss)
#   Set larger code cache with -XX:ReservedCodeCacheSize=
# This output file may be truncated or incomplete.
#
#  Out of Memory Error (allocation.cpp:273), pid=520, tid=0x000000000000122c
#
# JRE version: Java(TM) SE Runtime Environment (8.0_101-b13) (build 1.8.0_101-b13)
# Java VM: Java HotSpot(TM) 64-Bit Server VM (25.101-b13 mixed mode windows-amd64 compressed oops)
# Failed to write core dump. Minidumps are not enabled by default on client versions of Windows
#

---------------  T H R E A D  ---------------

Current thread (0x000000001474b800):  JavaThread "C2 CompilerThread0" daemon [_thread_in_native, id=4652, stack(0x0000000015680000,0x0000000015780000)]

Stack: [0x0000000015680000,0x0000000015780000]
[error occurred during error reporting (printing stack bounds), id 0xc0000005]

Native frames: (J=compiled Java code, j=interpreted, Vv=VM code, C=native code)


Current CompileTask:
C2: 106985 8529       4       com.android.utils.XmlUtils::append (540 bytes)


---------------  P R O C E S S  ---------------

Java Threads: ( => current thread )
  0x0000000018f7f000 JavaThread "stdout" daemon [_thread_in_native, id=7736, stack(0x0000000027a60000,0x0000000027b60000)]
  0x0000000018f86000 JavaThread "stderr" daemon [_thread_in_native, id=3240, stack(0x0000000027960000,0x0000000027a60000)]
  0x0000000018f84800 JavaThread "stdout" daemon [_thread_in_native, id=6328, stack(0x0000000027860000,0x0000000027960000)]
  0x0000000018f80000 JavaThread "stderr" daemon [_thread_in_native, id=4300, stack(0x0000000027760000,0x0000000027860000)]
  0x000000001a8af800 JavaThread "stdout" daemon [_thread_in_native, id=6960, stack(0x0000000026a60000,0x0000000026b60000)]
  0x000000001a8b6800 JavaThread "stderr" daemon [_thread_in_native, id=5100, stack(0x0000000026960000,0x0000000026a60000)]
  0x000000001a8af000 JavaThread "stdout" daemon [_thread_in_native, id=7628, stack(0x0000000026860000,0x0000000026960000)]
  0x000000001a8b1000 JavaThread "stderr" daemon [_thread_in_native, id=8008, stack(0x0000000026760000,0x0000000026860000)]
  0x000000001a8b6000 JavaThread "stdout" daemon [_thread_in_native, id=5336, stack(0x0000000026660000,0x0000000026760000)]
  0x000000001a8ae000 JavaThread "stderr" daemon [_thread_in_native, id=7104, stack(0x0000000026560000,0x0000000026660000)]
  0x000000001a8b5000 JavaThread "stdout" daemon [_thread_in_native, id=6052, stack(0x0000000026460000,0x0000000026560000)]
  0x000000001a8ad800 JavaThread "stderr" daemon [_thread_in_native, id=7052, stack(0x0000000026360000,0x0000000026460000)]
  0x000000001a8b4800 JavaThread "stdout" daemon [_thread_in_native, id=2968, stack(0x0000000026260000,0x0000000026360000)]
  0x000000001a8ac800 JavaThread "stderr" daemon [_thread_in_native, id=4924, stack(0x0000000026160000,0x0000000026260000)]
  0x000000001a8b3800 JavaThread "stdout" daemon [_thread_in_native, id=4472, stack(0x0000000026060000,0x0000000026160000)]
  0x000000001a8ac000 JavaThread "stderr" daemon [_thread_in_native, id=5008, stack(0x0000000025f60000,0x0000000026060000)]
  0x000000001a8b2800 JavaThread "stdout" daemon [_thread_in_native, id=6972, stack(0x0000000025e60000,0x0000000025f60000)]
  0x000000001a8ab000 JavaThread "stderr" daemon [_thread_in_native, id=5776, stack(0x0000000025d60000,0x0000000025e60000)]
  0x000000001a8b2000 JavaThread "stdout" daemon [_thread_in_native, id=7456, stack(0x0000000025c60000,0x0000000025d60000)]
  0x000000001a8a9000 JavaThread "stderr" daemon [_thread_in_native, id=6280, stack(0x0000000025b60000,0x0000000025c60000)]
  0x000000001a8a3800 JavaThread "stdout" daemon [_thread_in_native, id=4736, stack(0x0000000025a60000,0x0000000025b60000)]
  0x000000001a8aa800 JavaThread "stderr" daemon [_thread_in_native, id=4760, stack(0x0000000025960000,0x0000000025a60000)]
  0x000000001a8a2800 JavaThread "stdout" daemon [_thread_in_native, id=160, stack(0x0000000025860000,0x0000000025960000)]
  0x000000001a8a9800 JavaThread "stderr" daemon [_thread_in_native, id=4148, stack(0x0000000025760000,0x0000000025860000)]
  0x000000001a8a8000 JavaThread "stdout" daemon [_thread_in_native, id=7840, stack(0x0000000025660000,0x0000000025760000)]
  0x000000001a8a4000 JavaThread "stderr" daemon [_thread_in_native, id=4808, stack(0x0000000025560000,0x0000000025660000)]
  0x000000001a8a6000 JavaThread "stdout" daemon [_thread_in_native, id=4024, stack(0x0000000025460000,0x0000000025560000)]
  0x000000001a8a6800 JavaThread "stderr" daemon [_thread_in_native, id=7244, stack(0x0000000025360000,0x0000000025460000)]
  0x000000001a8a5000 JavaThread "png-cruncher_20" daemon [_thread_blocked, id=4720, stack(0x0000000025260000,0x0000000025360000)]
  0x000000001a8a7800 JavaThread "png-cruncher_19" daemon [_thread_blocked, id=6688, stack(0x0000000025160000,0x0000000025260000)]
  0x000000001a89c000 JavaThread "png-cruncher_18" daemon [_thread_blocked, id=2720, stack(0x0000000025060000,0x0000000025160000)]
  0x000000001a89f800 JavaThread "png-cruncher_17" daemon [_thread_blocked, id=3188, stack(0x0000000024f60000,0x0000000025060000)]
  0x000000001a89d800 JavaThread "png-cruncher_16" daemon [_thread_blocked, id=1984, stack(0x0000000024e60000,0x0000000024f60000)]
  0x000000001a89b000 JavaThread "png-cruncher_15" daemon [_thread_blocked, id=5180, stack(0x0000000024d60000,0x0000000024e60000)]
  0x000000001a8a2000 JavaThread "png-cruncher_14" daemon [_thread_blocked, id=5076, stack(0x0000000024c60000,0x0000000024d60000)]
  0x000000001a89e000 JavaThread "png-cruncher_13" daemon [_thread_blocked, id=3512, stack(0x0000000024b60000,0x0000000024c60000)]
  0x000000001a89c800 JavaThread "png-cruncher_12" daemon [_thread_blocked, id=5964, stack(0x0000000024a60000,0x0000000024b60000)]
  0x000000001a8a1000 JavaThread "png-cruncher_11" daemon [_thread_blocked, id=7152, stack(0x0000000024960000,0x0000000024a60000)]
  0x000000001a8a0800 JavaThread "png-cruncher_10" daemon [_thread_blocked, id=5816, stack(0x0000000024860000,0x0000000024960000)]
  0x000000001a89f000 JavaThread "png-cruncher_9" daemon [_thread_blocked, id=6140, stack(0x0000000024760000,0x0000000024860000)]
  0x00000000176e6800 JavaThread "png-cruncher_8" daemon [_thread_blocked, id=4644, stack(0x0000000024660000,0x0000000024760000)]
  0x00000000176e6000 JavaThread "png-cruncher_7" daemon [_thread_blocked, id=6196, stack(0x0000000024560000,0x0000000024660000)]
  0x00000000176ec000 JavaThread "png-cruncher_6" daemon [_thread_blocked, id=5784, stack(0x0000000024460000,0x0000000024560000)]
  0x00000000176e9800 JavaThread "png-cruncher_5" daemon [_thread_blocked, id=4992, stack(0x0000000024360000,0x0000000024460000)]
  0x0000000019a2b800 JavaThread "png-cruncher_4" daemon [_thread_blocked, id=104, stack(0x0000000024260000,0x0000000024360000)]
  0x0000000019a2a800 JavaThread "png-cruncher_3" daemon [_thread_blocked, id=6036, stack(0x0000000024160000,0x0000000024260000)]
  0x0000000019a28800 JavaThread "png-cruncher_2" daemon [_thread_blocked, id=5216, stack(0x0000000024060000,0x0000000024160000)]
  0x0000000019a2d800 JavaThread "png-cruncher_1" daemon [_thread_blocked, id=5276, stack(0x0000000023f60000,0x0000000024060000)]
  0x0000000019a2a000 JavaThread "pool-4-thread-2" [_thread_in_native, id=5200, stack(0x0000000023e60000,0x0000000023f60000)]
  0x0000000019a2d000 JavaThread "pool-4-thread-1" [_thread_in_native, id=6256, stack(0x0000000023d60000,0x0000000023e60000)]
  0x00000000176eb000 JavaThread "Stdin handler" [_thread_blocked, id=8084, stack(0x0000000021460000,0x0000000021560000)]
  0x00000000176e8000 JavaThread "Asynchronous log dispatcher for org.gradle.launcher.daemon.server.DefaultDaemonConnection@6be93fef" [_thread_blocked, id=2272, stack(0x0000000021360000,0x0000000021460000)]
  0x0000000019a2c000 JavaThread "Cancel handler" [_thread_blocked, id=4320, stack(0x0000000021260000,0x0000000021360000)]
  0x0000000019a29000 JavaThread "Handler for socket connection from /127.0.0.1:3551 to /127.0.0.1:3622" [_thread_in_native, id=5452, stack(0x0000000021160000,0x0000000021260000)]
  0x0000000019a27800 JavaThread "pool-3-thread-4" [_thread_blocked, id=4232, stack(0x000000001ed60000,0x000000001ee60000)]
  0x0000000019a27000 JavaThread "pool-3-thread-3" [_thread_blocked, id=7984, stack(0x000000001e760000,0x000000001e860000)]
  0x00000000176e9000 JavaThread "pool-3-thread-2" [_thread_blocked, id=4164, stack(0x000000001e160000,0x000000001e260000)]
  0x00000000176e7800 JavaThread "pool-3-thread-1" [_thread_blocked, id=2644, stack(0x000000001da60000,0x000000001db60000)]
  0x00000000176ea800 JavaThread "File lock request listener" [_thread_in_native, id=4248, stack(0x0000000019c50000,0x0000000019d50000)]
  0x0000000015be4800 JavaThread "Daemon worker" [_thread_in_vm, id=7236, stack(0x0000000018180000,0x0000000018280000)]
  0x0000000016b2d000 JavaThread "Daemon" [_thread_blocked, id=6868, stack(0x0000000017e80000,0x0000000017f80000)]
  0x0000000016994000 JavaThread "Incoming local TCP Connector on port 3551" [_thread_in_native, id=7636, stack(0x0000000017aa0000,0x0000000017ba0000)]
  0x00000000164f8800 JavaThread "pool-1-thread-1" [_thread_blocked, id=3608, stack(0x0000000016680000,0x0000000016780000)]
  0x00000000147d0000 JavaThread "Service Thread" daemon [_thread_blocked, id=1872, stack(0x0000000015880000,0x0000000015980000)]
  0x000000001474d800 JavaThread "C1 CompilerThread1" daemon [_thread_blocked, id=108, stack(0x0000000015780000,0x0000000015880000)]
=>0x000000001474b800 JavaThread "C2 CompilerThread0" daemon [_thread_in_native, id=4652, stack(0x0000000015680000,0x0000000015780000)]
  0x0000000014749800 JavaThread "Attach Listener" daemon [_thread_blocked, id=3280, stack(0x0000000015580000,0x0000000015680000)]
  0x0000000014746800 JavaThread "Signal Dispatcher" daemon [_thread_blocked, id=5204, stack(0x0000000015480000,0x0000000015580000)]
  0x0000000014738800 JavaThread "Finalizer" daemon [_thread_blocked, id=5536, stack(0x0000000015380000,0x0000000015480000)]
  0x00000000022ae800 JavaThread "Reference Handler" daemon [_thread_blocked, id=936, stack(0x0000000015280000,0x0000000015380000)]
  0x00000000021be000 JavaThread "main" [_thread_blocked, id=6124, stack(0x00000000020a0000,0x00000000021a0000)]

Other Threads:
  0x0000000014716000 VMThread [stack: 0x0000000015180000,0x0000000015280000] [id=2224]
  0x00000000147d3800 WatcherThread [stack: 0x0000000015980000,0x0000000015a80000] [id=2368]

VM state:not at safepoint (normal execution)

VM Mutex/Monitor currently owned by a thread: None

Heap:
 PSYoungGen      total 151552K, used 133013K [0x00000000eab00000, 0x00000000f6000000, 0x0000000100000000)
  eden space 133120K, 96% used [0x00000000eab00000,0x00000000f283d508,0x00000000f2d00000)
  from space 18432K, 25% used [0x00000000f3e80000,0x00000000f4328000,0x00000000f5080000)
  to   space 17920K, 0% used [0x00000000f2d00000,0x00000000f2d00000,0x00000000f3e80000)
 ParOldGen       total 65024K, used 33495K [0x00000000c0000000, 0x00000000c3f80000, 0x00000000eab00000)
  object space 65024K, 51% used [0x00000000c0000000,0x00000000c20b5f68,0x00000000c3f80000)
 Metaspace       used 50679K, capacity 51926K, committed 52096K, reserved 1093632K
  class space    used 6880K, capacity 7218K, committed 7296K, reserved 1048576K

Card table byte_map: [0x0000000011680000,0x0000000011890000] byte_map_base: 0x0000000011080000

Marking Bits: (ParMarkBitMap*) 0x000000006bd2a6d0
 Begin Bits: [0x0000000011bf0000, 0x0000000012bf0000)
 End Bits:   [0x0000000012bf0000, 0x0000000013bf0000)

Polling page: 0x00000000001f0000

CodeCache: size=245760Kb used=25001Kb max_used=25335Kb free=220758Kb
 bounds [0x00000000022c0000, 0x0000000003ba0000, 0x00000000112c0000]
 total_blobs=8123 nmethods=7411 adapters=623
 compilation: enabled

Compilation events (10 events):
Event: 106.918 Thread 0x000000001474d800 nmethod 8524 0x0000000002b50a10 code [0x0000000002b50b80, 0x0000000002b50ce8]
Event: 106.919 Thread 0x000000001474d800 8525       3       java.util.concurrent.locks.AbstractQueuedSynchronizer::addWaiter (50 bytes)
Event: 106.920 Thread 0x000000001474d800 nmethod 8525 0x000000000240bed0 code [0x000000000240c060, 0x000000000240c4c8]
Event: 106.920 Thread 0x000000001474d800 8526       3       com.android.ide.common.blame.MergingLog::logCopy (21 bytes)
Event: 106.922 Thread 0x000000001474d800 nmethod 8526 0x0000000002c99cd0 code [0x0000000002c99f80, 0x0000000002c9b0b8]
Event: 106.922 Thread 0x000000001474d800 8527       3       com.android.ide.common.blame.MergingLog::logCopy (14 bytes)
Event: 106.923 Thread 0x000000001474d800 nmethod 8527 0x00000000029c8010 code [0x00000000029c8280, 0x00000000029c90f8]
Event: 106.923 Thread 0x000000001474d800 8528   !   3       com.android.ide.common.blame.MergingLog::getWholeFileMap (29 bytes)
Event: 106.925 Thread 0x000000001474d800 nmethod 8528 0x0000000002533e90 code [0x00000000025340e0, 0x0000000002534e28]
Event: 106.948 Thread 0x000000001474b800 8529       4       com.android.utils.XmlUtils::append (540 bytes)

GC Heap History (10 events):
Event: 31.068 GC heap before
{Heap before GC invocations=13 (full 2):
 PSYoungGen      total 122880K, used 111616K [0x00000000eab00000, 0x00000000f3880000, 0x0000000100000000)
  eden space 111616K, 100% used [0x00000000eab00000,0x00000000f1800000,0x00000000f1800000)
  from space 11264K, 0% used [0x00000000f2500000,0x00000000f2500000,0x00000000f3000000)
  to   space 13312K, 0% used [0x00000000f1800000,0x00000000f1800000,0x00000000f2500000)
 ParOldGen       total 65024K, used 18868K [0x00000000c0000000, 0x00000000c3f80000, 0x00000000eab00000)
  object space 65024K, 29% used [0x00000000c0000000,0x00000000c126d128,0x00000000c3f80000)
 Metaspace       used 41207K, capacity 41910K, committed 42240K, reserved 1085440K
  class space    used 5625K, capacity 5784K, committed 5888K, reserved 1048576K
Event: 31.082 GC heap after
Heap after GC invocations=13 (full 2):
 PSYoungGen      total 124928K, used 9025K [0x00000000eab00000, 0x00000000f4700000, 0x0000000100000000)
  eden space 111616K, 0% used [0x00000000eab00000,0x00000000eab00000,0x00000000f1800000)
  from space 13312K, 67% used [0x00000000f1800000,0x00000000f20d0708,0x00000000f2500000)
  to   space 13312K, 0% used [0x00000000f3a00000,0x00000000f3a00000,0x00000000f4700000)
 ParOldGen       total 65024K, used 18940K [0x00000000c0000000, 0x00000000c3f80000, 0x00000000eab00000)
  object space 65024K, 29% used [0x00000000c0000000,0x00000000c127f138,0x00000000c3f80000)
 Metaspace       used 41207K, capacity 41910K, committed 42240K, reserved 1085440K
  class space    used 5625K, capacity 5784K, committed 5888K, reserved 1048576K
}
Event: 35.481 GC heap before
{Heap before GC invocations=14 (full 2):
 PSYoungGen      total 124928K, used 120641K [0x00000000eab00000, 0x00000000f4700000, 0x0000000100000000)
  eden space 111616K, 100% used [0x00000000eab00000,0x00000000f1800000,0x00000000f1800000)
  from space 13312K, 67% used [0x00000000f1800000,0x00000000f20d0708,0x00000000f2500000)
  to   space 13312K, 0% used [0x00000000f3a00000,0x00000000f3a00000,0x00000000f4700000)
 ParOldGen       total 65024K, used 18940K [0x00000000c0000000, 0x00000000c3f80000, 0x00000000eab00000)
  object space 65024K, 29% used [0x00000000c0000000,0x00000000c127f138,0x00000000c3f80000)
 Metaspace       used 46706K, capacity 47530K, committed 47744K, reserved 1089536K
  class space    used 6444K, capacity 6678K, committed 6784K, reserved 1048576K
Event: 35.514 GC heap after
Heap after GC invocations=14 (full 2):
 PSYoungGen      total 142848K, used 13309K [0x00000000eab00000, 0x00000000f4d80000, 0x0000000100000000)
  eden space 129536K, 0% used [0x00000000eab00000,0x00000000eab00000,0x00000000f2980000)
  from space 13312K, 99% used [0x00000000f3a00000,0x00000000f46ff7b8,0x00000000f4700000)
  to   space 16896K, 0% used [0x00000000f2980000,0x00000000f2980000,0x00000000f3a00000)
 ParOldGen       total 65024K, used 23630K [0x00000000c0000000, 0x00000000c3f80000, 0x00000000eab00000)
  object space 65024K, 36% used [0x00000000c0000000,0x00000000c1713850,0x00000000c3f80000)
 Metaspace       used 46706K, capacity 47530K, committed 47744K, reserved 1089536K
  class space    used 6444K, capacity 6678K, committed 6784K, reserved 1048576K
}
Event: 44.757 GC heap before
{Heap before GC invocations=15 (full 2):
 PSYoungGen      total 142848K, used 44151K [0x00000000eab00000, 0x00000000f4d80000, 0x0000000100000000)
  eden space 129536K, 23% used [0x00000000eab00000,0x00000000ec91e6d8,0x00000000f2980000)
  from space 13312K, 99% used [0x00000000f3a00000,0x00000000f46ff7b8,0x00000000f4700000)
  to   space 16896K, 0% used [0x00000000f2980000,0x00000000f2980000,0x00000000f3a00000)
 ParOldGen       total 65024K, used 23630K [0x00000000c0000000, 0x00000000c3f80000, 0x00000000eab00000)
  object space 65024K, 36% used [0x00000000c0000000,0x00000000c1713850,0x00000000c3f80000)
 Metaspace       used 47529K, capacity 48416K, committed 48640K, reserved 1091584K
  class space    used 6567K, capacity 6815K, committed 6912K, reserved 1048576K
Event: 44.782 GC heap after
Heap after GC invocations=15 (full 2):
 PSYoungGen      total 146432K, used 14008K [0x00000000eab00000, 0x00000000f5080000, 0x0000000100000000)
  eden space 129536K, 0% used [0x00000000eab00000,0x00000000eab00000,0x00000000f2980000)
  from space 16896K, 82% used [0x00000000f2980000,0x00000000f372e238,0x00000000f3a00000)
  to   space 18432K, 0% used [0x00000000f3e80000,0x00000000f3e80000,0x00000000f5080000)
 ParOldGen       total 65024K, used 23630K [0x00000000c0000000, 0x00000000c3f80000, 0x00000000eab00000)
  object space 65024K, 36% used [0x00000000c0000000,0x00000000c1713850,0x00000000c3f80000)
 Metaspace       used 47529K, capacity 48416K, committed 48640K, reserved 1091584K
  class space    used 6567K, capacity 6815K, committed 6912K, reserved 1048576K
}
Event: 44.782 GC heap before
{Heap before GC invocations=16 (full 3):
 PSYoungGen      total 146432K, used 14008K [0x00000000eab00000, 0x00000000f5080000, 0x0000000100000000)
  eden space 129536K, 0% used [0x00000000eab00000,0x00000000eab00000,0x00000000f2980000)
  from space 16896K, 82% used [0x00000000f2980000,0x00000000f372e238,0x00000000f3a00000)
  to   space 18432K, 0% used [0x00000000f3e80000,0x00000000f3e80000,0x00000000f5080000)
 ParOldGen       total 65024K, used 23630K [0x00000000c0000000, 0x00000000c3f80000, 0x00000000eab00000)
  object space 65024K, 36% used [0x00000000c0000000,0x00000000c1713850,0x00000000c3f80000)
 Metaspace       used 47529K, capacity 48416K, committed 48640K, reserved 1091584K
  class space    used 6567K, capacity 6815K, committed 6912K, reserved 1048576K
Event: 45.402 GC heap after
Heap after GC invocations=16 (full 3):
 PSYoungGen      total 146432K, used 0K [0x00000000eab00000, 0x00000000f5080000, 0x0000000100000000)
  eden space 129536K, 0% used [0x00000000eab00000,0x00000000eab00000,0x00000000f2980000)
  from space 16896K, 0% used [0x00000000f2980000,0x00000000f2980000,0x00000000f3a00000)
  to   space 18432K, 0% used [0x00000000f3e80000,0x00000000f3e80000,0x00000000f5080000)
 ParOldGen       total 65024K, used 33487K [0x00000000c0000000, 0x00000000c3f80000, 0x00000000eab00000)
  object space 65024K, 51% used [0x00000000c0000000,0x00000000c20b3f68,0x00000000c3f80000)
 Metaspace       used 47529K, capacity 48416K, committed 48640K, reserved 1091584K
  class space    used 6567K, capacity 6815K, committed 6912K, reserved 1048576K
}
Event: 92.470 GC heap before
{Heap before GC invocations=17 (full 3):
 PSYoungGen      total 146432K, used 129536K [0x00000000eab00000, 0x00000000f5080000, 0x0000000100000000)
  eden space 129536K, 100% used [0x00000000eab00000,0x00000000f2980000,0x00000000f2980000)
  from space 16896K, 0% used [0x00000000f2980000,0x00000000f2980000,0x00000000f3a00000)
  to   space 18432K, 0% used [0x00000000f3e80000,0x00000000f3e80000,0x00000000f5080000)
 ParOldGen       total 65024K, used 33487K [0x00000000c0000000, 0x00000000c3f80000, 0x00000000eab00000)
  object space 65024K, 51% used [0x00000000c0000000,0x00000000c20b3f68,0x00000000c3f80000)
 Metaspace       used 48453K, capacity 49636K, committed 49792K, reserved 1091584K
  class space    used 6635K, capacity 6920K, committed 7040K, reserved 1048576K
Event: 92.483 GC heap after
Heap after GC invocations=17 (full 3):
 PSYoungGen      total 151552K, used 4768K [0x00000000eab00000, 0x00000000f6000000, 0x0000000100000000)
  eden space 133120K, 0% used [0x00000000eab00000,0x00000000eab00000,0x00000000f2d00000)
  from space 18432K, 25% used [0x00000000f3e80000,0x00000000f4328000,0x00000000f5080000)
  to   space 17920K, 0% used [0x00000000f2d00000,0x00000000f2d00000,0x00000000f3e80000)
 ParOldGen       total 65024K, used 33495K [0x00000000c0000000, 0x00000000c3f80000, 0x00000000eab00000)
  object space 65024K, 51% used [0x00000000c0000000,0x00000000c20b5f68,0x00000000c3f80000)
 Metaspace       used 48453K, capacity 49636K, committed 49792K, reserved 1091584K
  class space    used 6635K, capacity 6920K, committed 7040K, reserved 1048576K
}

Deoptimization events (10 events):
Event: 103.600 Thread 0x0000000015be4800 Uncommon trap: reason=unstable_if action=reinterpret pc=0x0000000002e77208 method=sun.nio.cs.UTF_8$Decoder.decode([BII[C)I @ 30
Event: 103.631 Thread 0x0000000015be4800 Uncommon trap: reason=unstable_if action=reinterpret pc=0x0000000003299564 method=com.sun.org.apache.xerces.internal.impl.XMLEntityScanner.checkBeforeLoad(Lcom/sun/xml/internal/stream/Entity$ScannedEntity;II)I @ 18
Event: 103.660 Thread 0x0000000015be4800 Uncommon trap: reason=unstable_if action=reinterpret pc=0x000000000317c134 method=com.sun.org.apache.xerces.internal.impl.XMLEntityScanner.checkBeforeLoad(Lcom/sun/xml/internal/stream/Entity$ScannedEntity;II)I @ 18
Event: 104.643 Thread 0x0000000015be4800 Uncommon trap: reason=unstable_if action=reinterpret pc=0x0000000003abde4c method=com.android.utils.PositionXmlParser$DomBuilder.findOpeningTag(Lcom/android/utils/PositionXmlParser$Position;)Lcom/android/utils/PositionXmlParser$Position; @ 81
Event: 104.768 Thread 0x0000000015be4800 Uncommon trap: reason=bimorphic action=maybe_recompile pc=0x0000000003a9ffbc method=com.sun.org.apache.xerces.internal.dom.NodeImpl.changed()V @ 1
Event: 104.768 Thread 0x0000000015be4800 Uncommon trap: reason=bimorphic action=maybe_recompile pc=0x0000000003a9ffbc method=com.sun.org.apache.xerces.internal.dom.NodeImpl.changed()V @ 1
Event: 104.768 Thread 0x0000000015be4800 Uncommon trap: reason=bimorphic action=maybe_recompile pc=0x0000000003a9ffbc method=com.sun.org.apache.xerces.internal.dom.NodeImpl.changed()V @ 1
Event: 104.768 Thread 0x0000000015be4800 Uncommon trap: reason=bimorphic action=maybe_recompile pc=0x0000000003a9ffbc method=com.sun.org.apache.xerces.internal.dom.NodeImpl.changed()V @ 1
Event: 105.714 Thread 0x000000001a8a5000 Uncommon trap: reason=unstable_if action=reinterpret pc=0x00000000027b0330 method=java.util.regex.Matcher.appendReplacement(Ljava/lang/StringBuffer;Ljava/lang/String;)Ljava/util/regex/Matcher; @ 47
Event: 106.611 Thread 0x000000001a8b1000 Uncommon trap: reason=class_check action=maybe_recompile pc=0x0000000002417d0c method=java.util.regex.Matcher.search(I)Z @ 86

Internal exceptions (10 events):
Event: 103.052 Thread 0x0000000015be4800 Exception <a 'java/lang/ClassNotFoundException': com/android/ide/common/res2/AssetMergerCustomizer> (0x00000000edceb088) thrown at [C:\re\workspace\8-2-build-windows-amd64-cygwin\jdk8u101\7261\hotspot\src\share\vm\classfile\systemDictionary.cpp, line 210]
Event: 103.056 Thread 0x0000000015be4800 Exception <a 'java/lang/ClassNotFoundException': com/android/ide/common/res2/AssetSetBeanInfo> (0x00000000edd382a8) thrown at [C:\re\workspace\8-2-build-windows-amd64-cygwin\jdk8u101\7261\hotspot\src\share\vm\classfile\systemDictionary.cpp, line 210]
Event: 103.056 Thread 0x0000000015be4800 Exception <a 'java/lang/ClassNotFoundException': com/android/ide/common/res2/DataSetBeanInfo> (0x00000000edd46000) thrown at [C:\re\workspace\8-2-build-windows-amd64-cygwin\jdk8u101\7261\hotspot\src\share\vm\classfile\systemDictionary.cpp, line 210]
Event: 103.056 Thread 0x0000000015be4800 Exception <a 'java/lang/ClassNotFoundException': com/android/ide/common/res2/DataSetCustomizer> (0x00000000edd540e8) thrown at [C:\re\workspace\8-2-build-windows-amd64-cygwin\jdk8u101\7261\hotspot\src\share\vm\classfile\systemDictionary.cpp, line 210]
Event: 103.058 Thread 0x0000000015be4800 Exception <a 'java/lang/ClassNotFoundException': com/android/ide/common/res2/AssetSetCustomizer> (0x00000000edd7eff0) thrown at [C:\re\workspace\8-2-build-windows-amd64-cygwin\jdk8u101\7261\hotspot\src\share\vm\classfile\systemDictionary.cpp, line 210]
Event: 103.074 Thread 0x0000000015be4800 Exception <a 'java/lang/ClassNotFoundException': com/android/ide/common/res2/MergedAssetWriterBeanInfo> (0x00000000edde1a68) thrown at [C:\re\workspace\8-2-build-windows-amd64-cygwin\jdk8u101\7261\hotspot\src\share\vm\classfile\systemDictionary.cpp, line 2
Event: 103.074 Thread 0x0000000015be4800 Exception <a 'java/lang/ClassNotFoundException': com/android/ide/common/res2/MergeWriterBeanInfo> (0x00000000eddeff60) thrown at [C:\re\workspace\8-2-build-windows-amd64-cygwin\jdk8u101\7261\hotspot\src\share\vm\classfile\systemDictionary.cpp, line 210]
Event: 103.074 Thread 0x0000000015be4800 Exception <a 'java/lang/ClassNotFoundException': com/android/ide/common/res2/MergeWriterCustomizer> (0x00000000eddfe7d8) thrown at [C:\re\workspace\8-2-build-windows-amd64-cygwin\jdk8u101\7261\hotspot\src\share\vm\classfile\systemDictionary.cpp, line 210]
Event: 103.075 Thread 0x0000000015be4800 Exception <a 'java/lang/ClassNotFoundException': com/android/ide/common/res2/MergedAssetWriterCustomizer> (0x00000000ede11b90) thrown at [C:\re\workspace\8-2-build-windows-amd64-cygwin\jdk8u101\7261\hotspot\src\share\vm\classfile\systemDictionary.cpp, line&þ–
ÈY@
Event: 103.126 Thread 0x0000000015be4800 Exception <a 'java/lang/NoSuchMethodError': <clinit>> (0x00000000edf0a018) thrown at [C:\re\workspace\8-2-build-windows-amd64-cygwin\jdk8u101\7261\hotspot\src\share\vm\prims\jni.cpp, line 1613]

Events (10 events):
Event: 106.787 Executing VM operation: RevokeBias
Event: 106.787 Executing VM operation: RevokeBias done
Event: 106.806 Thread 0x000000001474d800 flushing nmethod 0x0000000003551f50
Event: 106.807 Thread 0x000000001474d800 flushing nmethod 0x000000000367e810
Event: 106.873 Executing VM operation: RevokeBias
Event: 106.874 Executing VM operation: RevokeBias done
Event: 106.906 Executing VM operation: RevokeBias
Event: 106.907 Executing VM operation: RevokeBias done
Event: 106.930 Executing VM operation: RevokeBias
Event: 106.930 Executing VM operation: RevokeBias done


Dynamic libraries:
0x00007ff742d90000 - 0x00007ff742dc7000 	C:\Program Files\Java\jdk1.8.0_101\bin\java.exe
0x00007ffcacfd0000 - 0x00007ffcad191000 	C:\Windows\SYSTEM32\ntdll.dll
0x00007ffcacda0000 - 0x00007ffcace4d000 	C:\Windows\system32\KERNEL32.DLL
0x00007ffca9970000 - 0x00007ffca9b58000 	C:\Windows\system32\KERNELBASE.dll
0x00007ffcaa520000 - 0x00007ffcaa5c7000 	C:\Windows\system32\ADVAPI32.dll
0x00007ffcacf30000 - 0x00007ffcacfcd000 	C:\Windows\system32\msvcrt.dll
0x00007ffcabc00000 - 0x00007ffcabc5b000 	C:\Windows\system32\sechost.dll
0x00007ffcabe50000 - 0x00007ffcabf6c000 	C:\Windows\system32\RPCRT4.dll
0x00007ffcac580000 - 0x00007ffcac6d6000 	C:\Windows\system32\USER32.dll
0x00007ffcabcc0000 - 0x00007ffcabe46000 	C:\Windows\system32\GDI32.dll
0x00007ffc9cf30000 - 0x00007ffc9d1a4000 	C:\Windows\WinSxS\amd64_microsoft.windows.common-controls_6595b64144ccf1df_6.0.10586.0_none_8c15ae12515e1c22\COMCTL32.dll
0x00007ffcac8a0000 - 0x00007ffcacb1d000 	C:\Windows\system32\combase.dll
0x00007ffca97c0000 - 0x00007ffca982a000 	C:\Windows\system32\bcryptPrimitives.dll
0x00007ffcabbc0000 - 0x00007ffcabbfb000 	C:\Windows\system32\IMM32.DLL
0x000000006b080000 - 0x000000006b152000 	C:\Program Files\Java\jdk1.8.0_101\jre\bin\msvcr100.dll
0x000000006b510000 - 0x000000006bdaa000 	C:\Program Files\Java\jdk1.8.0_101\jre\bin\server\jvm.dll
0x00007ffcacf20000 - 0x00007ffcacf28000 	C:\Windows\system32\PSAPI.DLL
0x00007ffca7d00000 - 0x00007ffca7d23000 	C:\Windows\SYSTEM32\WINMM.dll
0x00007ffc83d20000 - 0x00007ffc83d29000 	C:\Windows\SYSTEM32\WSOCK32.dll
0x00007ffcacb20000 - 0x00007ffcacb8b000 	C:\Windows\system32\WS2_32.dll
0x00007ffc9f4b0000 - 0x00007ffc9f4ba000 	C:\Windows\SYSTEM32\VERSION.dll
0x00007ffca7ca0000 - 0x00007ffca7ccc000 	C:\Windows\SYSTEM32\WINMMBASE.dll
0x00007ffca9b60000 - 0x00007ffca9ba3000 	C:\Windows\system32\cfgmgr32.dll
0x000000006b500000 - 0x000000006b50f000 	C:\Program Files\Java\jdk1.8.0_101\jre\bin\verify.dll
0x000000006b4d0000 - 0x000000006b4f9000 	C:\Program Files\Java\jdk1.8.0_101\jre\bin\java.dll
0x000000006b4b0000 - 0x000000006b4c6000 	C:\Program Files\Java\jdk1.8.0_101\jre\bin\zip.dll
0x00007ffcaa660000 - 0x00007ffcabbbc000 	C:\Windows\system32\SHELL32.dll
0x00007ffca9bb0000 - 0x00007ffcaa1f5000 	C:\Windows\system32\windows.storage.dll
0x00007ffcabc60000 - 0x00007ffcabcb2000 	C:\Windows\system32\shlwapi.dll
0x00007ffca9660000 - 0x00007ffca966f000 	C:\Windows\system32\kernel.appcore.dll
0x00007ffca9700000 - 0x00007ffca97b5000 	C:\Windows\system32\shcore.dll
0x00007ffca9610000 - 0x00007ffca965b000 	C:\Windows\system32\powrprof.dll
0x00007ffca95f0000 - 0x00007ffca9604000 	C:\Windows\system32\profapi.dll
0x000000006b490000 - 0x000000006b4aa000 	C:\Program Files\Java\jdk1.8.0_101\jre\bin\net.dll
0x00007ffca8ec0000 - 0x00007ffca8f1c000 	C:\Windows\system32\mswsock.dll
0x000000006b470000 - 0x000000006b481000 	C:\Program Files\Java\jdk1.8.0_101\jre\bin\nio.dll
0x00007ffc98710000 - 0x00007ffc98722000 	C:\Users\thais\.gradle\native\19\windows-amd64\native-platform.dll
0x00007ffca8f70000 - 0x00007ffca8f87000 	C:\Windows\SYSTEM32\CRYPTSP.dll
0x00007ffca8c00000 - 0x00007ffca8c34000 	C:\Windows\system32\rsaenh.dll
0x00007ffca9520000 - 0x00007ffca9549000 	C:\Windows\SYSTEM32\bcrypt.dll
0x00007ffca8d50000 - 0x00007ffca8d6f000 	C:\Windows\SYSTEM32\USERENV.dll
0x00007ffca9090000 - 0x00007ffca909b000 	C:\Windows\SYSTEM32\CRYPTBASE.dll
0x00007ffca5b80000 - 0x00007ffca5bb8000 	C:\Windows\SYSTEM32\IPHLPAPI.DLL
0x00007ffcaa5d0000 - 0x00007ffcaa5d8000 	C:\Windows\system32\NSI.dll
0x00007ffca5370000 - 0x00007ffca5386000 	C:\Windows\SYSTEM32\dhcpcsvc6.DLL
0x00007ffca5350000 - 0x00007ffca536a000 	C:\Windows\SYSTEM32\dhcpcsvc.DLL
0x000000006b270000 - 0x000000006b27d000 	C:\Program Files\Java\jdk1.8.0_101\jre\bin\management.dll

VM Arguments:
jvm_args: -XX:MaxPermSize=256m -XX:+HeapDumpOnOutOfMemoryError -Xmx1024m -Dfile.encoding=windows-1252 -Duser.country=US -Duser.language=en -Duser.variant 
java_command: org.gradle.launcher.daemon.bootstrap.GradleDaemon 2.14.1
java_class_path (initial): C:\Program Files\Android\Android Studio\gradle\gradle-2.14.1\lib\gradle-launcher-2.14.1.jar
Launcher Type: SUN_STANDARD

Environment Variables:
PATH=C:\DevSuiteHome_1\jdk\jre\bin\classic;C:\DevSuiteHome_1\jdk\jre\bin;C:\DevSuiteHome_1\jdk\jre\bin\client;C:\DevSuiteHome_1\jlib;C:\DevSuiteHome_1\bin;C:\DevSuiteHome_1\jre\1.4.2\bin\client;C:\DevSuiteHome_1\jre\1.4.2\bin;C:\oracle\product\10.2.0\db_1\bin;C:\ProgramData\Oracle\Java\javapath;C:\Windows\system32;C:\Windows;C:\Windows\System32\Wbem;C:\Windows\System32\WindowsPowerShell\v1.0\;C:\Program Files (x86)\Windows Kits\8.1\Windows Performance Toolkit\;C:\Program Files\Microsoft SQL Server\110\Tools\Binn\
USERNAME=thais
OS=Windows_NT
PROCESSOR_IDENTIFIER=Intel64 Family 6 Model 42 Stepping 7, GenuineIntel



---------------  S Y S T E M  ---------------

OS: Windows 10.0 , 64 bit Build 10586 (10.0.10586.0)

CPU:total 2 (2 cores per cpu, 1 threads per core) family 6 model 42 stepping 7, cmov, cx8, fxsr, mmx, sse, sse2, sse3, ssse3, sse4.1, sse4.2, popcnt, clmul, tsc, tscinvbit

Memory: 4k page, physical 4140908k(200612k free), swap 4140908k(2392k free)

vm_info: Java HotSpot(TM) 64-Bit Server VM (25.101-b13) for windows-amd64 JRE (1.8.0_101-b13), built on Jun 22 2016 01:21:29 by "java_re" with MS VC++ 10.0 (VS2010)

time: Wed Sep 28 18:18:28 2016
elapsed time: 106 seconds (0d 0h 1m 46s)

